<?xml version="1.0" encoding="UTF-8"?>
<!-- Generated by org.testng.reporters.JUnitReportReporter -->
<testsuite hostname="MikitaVTalati" failures="0" tests="1" name="Demo.LaunchBrowser" time="4.495" errors="0" timestamp="2023-08-15T21:04:27 EDT" skipped="0">
  <testcase classname="Demo.LaunchBrowser" name="launchBrowser" time="4.495"/>
  <system-out/>
</testsuite> <!-- Demo.LaunchBrowser -->
